#
# There is insufficient memory for the Java Runtime Environment to continue.
# Native memory allocation (mmap) failed to map 917504 bytes for G1 virtual space
# Possible reasons:
#   The system is out of physical RAM or swap space
#   The process is running with CompressedOops enabled, and the Java Heap may be blocking the growth of the native heap
# Possible solutions:
#   Reduce memory load on the system
#   Increase physical memory or swap space
#   Check if swap backing store is full
#   Decrease Java heap size (-Xmx/-Xms)
#   Decrease number of Java threads
#   Decrease Java thread stack sizes (-Xss)
#   Set larger code cache with -XX:ReservedCodeCacheSize=
#   JVM is running with Unscaled Compressed Oops mode in which the Java heap is
#     placed in the first 4GB address space. The Java Heap base address is the
#     maximum limit for the native heap growth. Please use -XX:HeapBaseMinAddress
#     to set the Java Heap base and to place the Java Heap above 4GB virtual address.
# This output file may be truncated or incomplete.
#
#  Out of Memory Error (os_windows.cpp:3541), pid=16936, tid=5680
#
# JRE version:  (17.0.4.1+1) (build )
# Java VM: OpenJDK 64-Bit Server VM (17.0.4.1+1, mixed mode, sharing, tiered, compressed oops, compressed class ptrs, g1 gc, windows-amd64)
# No core dump will be written. Minidumps are not enabled by default on client versions of Windows
#

---------------  S U M M A R Y ------------

Command Line: -Dfile.encoding=UTF-8 -XX:+ShowCodeDetailsInExceptionMessages jTable.Main

Host: AMD Ryzen 3 3250U with Radeon Graphics         , 4 cores, 3G,  Windows 11 , 64 bit Build 22621 (10.0.22621.1485)
Time: Thu May 11 14:13:50 2023 Malay Peninsula Standard Time elapsed time: 0.031744 seconds (0d 0h 0m 0s)

---------------  T H R E A D  ---------------

Current thread (0x000001fa8949a6c0):  JavaThread "Unknown thread" [_thread_in_vm, id=5680, stack(0x000000ac06500000,0x000000ac06600000)]

Stack: [0x000000ac06500000,0x000000ac06600000]
Native frames: (J=compiled Java code, j=interpreted, Vv=VM code, C=native code)
V  [jvm.dll+0x67731a]
V  [jvm.dll+0x832284]
V  [jvm.dll+0x833a2e]
V  [jvm.dll+0x834093]
V  [jvm.dll+0x245775]
V  [jvm.dll+0x674209]
V  [jvm.dll+0x668a92]
V  [jvm.dll+0x30471b]
V  [jvm.dll+0x30bc66]
V  [jvm.dll+0x35bab3]
V  [jvm.dll+0x35bccf]
V  [jvm.dll+0x2db5b8]
V  [jvm.dll+0x2dc524]
V  [jvm.dll+0x803db1]
V  [jvm.dll+0x3698f1]
V  [jvm.dll+0x7e31bc]
V  [jvm.dll+0x3ec25f]
V  [jvm.dll+0x3edde1]
C  [jli.dll+0x5277]
C  [ucrtbase.dll+0x29363]
C  [KERNEL32.DLL+0x1269d]
C  [ntdll.dll+0x5a9f8]


---------------  P R O C E S S  ---------------

Threads class SMR info:
_java_thread_list=0x00007ffb53c04e98, length=0, elements={
}

Java Threads: ( => current thread )

Other Threads:
  0x000001fa894d4b60 GCTaskThread "GC Thread#0" [stack: 0x000000ac06600000,0x000000ac06700000] [id=11804]
  0x000001fa894dc980 ConcurrentGCThread "G1 Main Marker" [stack: 0x000000ac06700000,0x000000ac06800000] [id=3152]
  0x000001fa894de9e0 ConcurrentGCThread "G1 Conc#0" [stack: 0x000000ac06800000,0x000000ac06900000] [id=12348]

[error occurred during error reporting (printing all threads), id 0xc0000005, EXCEPTION_ACCESS_VIOLATION (0xc0000005) at pc=0x00007ffb533dc047]

VM state: not at safepoint (not fully initialized)

VM Mutex/Monitor currently owned by a thread:  ([mutex/lock_event])
[0x000001fa894962b0] Heap_lock - owner thread: 0x000001fa8949a6c0

Heap address: 0x00000000c9400000, size: 876 MB, Compressed Oops mode: 32-bit

CDS archive(s) mapped at: [0x0000000000000000-0x0000000000000000-0x0000000000000000), size 0, SharedBaseAddress: 0x0000000800000000, ArchiveRelocationMode: 0.
Narrow klass base: 0x0000000000000000, Narrow klass shift: 0, Narrow klass range: 0x0

GC Precious Log:
<Empty>

Heap:
 garbage-first heap   total 0K, used 0K [0x00000000c9400000, 0x0000000100000000)
  region size 1024K, 0 young (0K), 0 survivors (0K)

[error occurred during error reporting (printing heap information), id 0xc0000005, EXCEPTION_ACCESS_VIOLATION (0xc0000005) at pc=0x00007ffb537c0699]

GC Heap History (0 events):
No events

Deoptimization events (0 events):
No events

Classes unloaded (0 events):
No events

Classes redefined (0 events):
No events

Internal exceptions (0 events):
No events

VM Operations (0 events):
No events

Events (1 events):
Event: 0.016 Loaded shared library C:\Users\HP\.p2\pool\plugins\org.eclipse.justj.openjdk.hotspot.jre.full.win32.x86_64_17.0.4.v20220903-1038\jre\bin\java.dll


Dynamic libraries:
0x00007ff63cd60000 - 0x00007ff63cd6e000 	C:\Users\HP\.p2\pool\plugins\org.eclipse.justj.openjdk.hotspot.jre.full.win32.x86_64_17.0.4.v20220903-1038\jre\bin\javaw.exe
0x00007ffbbf890000 - 0x00007ffbbfaa4000 	C:\WINDOWS\SYSTEM32\ntdll.dll
0x00007ffbbf280000 - 0x00007ffbbf342000 	C:\WINDOWS\System32\KERNEL32.DLL
0x00007ffbbccd0000 - 0x00007ffbbd06c000 	C:\WINDOWS\System32\KERNELBASE.dll
0x00007ffbbd070000 - 0x00007ffbbd181000 	C:\WINDOWS\System32\ucrtbase.dll
0x00007ffbb7010000 - 0x00007ffbb7028000 	C:\Users\HP\.p2\pool\plugins\org.eclipse.justj.openjdk.hotspot.jre.full.win32.x86_64_17.0.4.v20220903-1038\jre\bin\jli.dll
0x00007ffbbd750000 - 0x00007ffbbd8fb000 	C:\WINDOWS\System32\USER32.dll
0x00007ffbbd4e0000 - 0x00007ffbbd506000 	C:\WINDOWS\System32\win32u.dll
0x00007ffbbe390000 - 0x00007ffbbe3b9000 	C:\WINDOWS\System32\GDI32.dll
0x00007ffbbd580000 - 0x00007ffbbd693000 	C:\WINDOWS\System32\gdi32full.dll
0x00007ffbbd210000 - 0x00007ffbbd2aa000 	C:\WINDOWS\System32\msvcp_win.dll
0x00007ffba4da0000 - 0x00007ffba4db9000 	C:\Users\HP\.p2\pool\plugins\org.eclipse.justj.openjdk.hotspot.jre.full.win32.x86_64_17.0.4.v20220903-1038\jre\bin\VCRUNTIME140.dll
0x00007ffba88c0000 - 0x00007ffba8b4e000 	C:\WINDOWS\WinSxS\amd64_microsoft.windows.common-controls_6595b64144ccf1df_6.0.22621.608_none_a9444ca7c10bb01d\COMCTL32.dll
0x00007ffbbd900000 - 0x00007ffbbd9a7000 	C:\WINDOWS\System32\msvcrt.dll
0x00007ffbbee50000 - 0x00007ffbbee81000 	C:\WINDOWS\System32\IMM32.DLL
0x00007ffbb5cf0000 - 0x00007ffbb5cfc000 	C:\Users\HP\.p2\pool\plugins\org.eclipse.justj.openjdk.hotspot.jre.full.win32.x86_64_17.0.4.v20220903-1038\jre\bin\vcruntime140_1.dll
0x00007ffb88450000 - 0x00007ffb884e1000 	C:\Users\HP\.p2\pool\plugins\org.eclipse.justj.openjdk.hotspot.jre.full.win32.x86_64_17.0.4.v20220903-1038\jre\bin\msvcp140.dll
0x00007ffb530f0000 - 0x00007ffb53d36000 	C:\Users\HP\.p2\pool\plugins\org.eclipse.justj.openjdk.hotspot.jre.full.win32.x86_64_17.0.4.v20220903-1038\jre\bin\server\jvm.dll
0x00007ffbbef90000 - 0x00007ffbbf03e000 	C:\WINDOWS\System32\ADVAPI32.dll
0x00007ffbbdb70000 - 0x00007ffbbdc14000 	C:\WINDOWS\System32\sechost.dll
0x00007ffbbf0d0000 - 0x00007ffbbf1e7000 	C:\WINDOWS\System32\RPCRT4.dll
0x00007ffbbf1f0000 - 0x00007ffbbf1f8000 	C:\WINDOWS\System32\PSAPI.DLL
0x00007ffbb5d20000 - 0x00007ffbb5d29000 	C:\WINDOWS\SYSTEM32\WSOCK32.dll
0x00007ffbbf350000 - 0x00007ffbbf3c1000 	C:\WINDOWS\System32\WS2_32.dll
0x00007ffbb5db0000 - 0x00007ffbb5de4000 	C:\WINDOWS\SYSTEM32\WINMM.dll
0x00007ffbb5d80000 - 0x00007ffbb5d8a000 	C:\WINDOWS\SYSTEM32\VERSION.dll
0x00007ffbbbd20000 - 0x00007ffbbbd38000 	C:\WINDOWS\SYSTEM32\kernel.appcore.dll
0x00007ffbb5d10000 - 0x00007ffbb5d1a000 	C:\Users\HP\.p2\pool\plugins\org.eclipse.justj.openjdk.hotspot.jre.full.win32.x86_64_17.0.4.v20220903-1038\jre\bin\jimage.dll
0x00007ffba7540000 - 0x00007ffba776e000 	C:\WINDOWS\SYSTEM32\DBGHELP.DLL
0x00007ffbbde00000 - 0x00007ffbbe189000 	C:\WINDOWS\System32\combase.dll
0x00007ffbbdc20000 - 0x00007ffbbdcf7000 	C:\WINDOWS\System32\OLEAUT32.dll
0x00007ffba0dd0000 - 0x00007ffba0e02000 	C:\WINDOWS\SYSTEM32\dbgcore.DLL
0x00007ffbbd190000 - 0x00007ffbbd20b000 	C:\WINDOWS\System32\bcryptPrimitives.dll
0x00007ffba4d60000 - 0x00007ffba4d85000 	C:\Users\HP\.p2\pool\plugins\org.eclipse.justj.openjdk.hotspot.jre.full.win32.x86_64_17.0.4.v20220903-1038\jre\bin\java.dll

dbghelp: loaded successfully - version: 4.0.5 - missing functions: none
symbol engine: initialized successfully - sym options: 0x614 - pdb path: .;C:\Users\HP\.p2\pool\plugins\org.eclipse.justj.openjdk.hotspot.jre.full.win32.x86_64_17.0.4.v20220903-1038\jre\bin;C:\WINDOWS\SYSTEM32;C:\WINDOWS\WinSxS\amd64_microsoft.windows.common-controls_6595b64144ccf1df_6.0.22621.608_none_a9444ca7c10bb01d;C:\Users\HP\.p2\pool\plugins\org.eclipse.justj.openjdk.hotspot.jre.full.win32.x86_64_17.0.4.v20220903-1038\jre\bin\server

VM Arguments:
jvm_args: -Dfile.encoding=UTF-8 -XX:+ShowCodeDetailsInExceptionMessages 
java_command: jTable.Main
java_class_path (initial): C:\Users\HP\Desktop\Roque_Raniel_Christian_B-JTable\JTable\bin
Launcher Type: SUN_STANDARD

[Global flags]
     intx CICompilerCount                          = 3                                         {product} {ergonomic}
     uint ConcGCThreads                            = 1                                         {product} {ergonomic}
     uint G1ConcRefinementThreads                  = 4                                         {product} {ergonomic}
   size_t G1HeapRegionSize                         = 1048576                                   {product} {ergonomic}
    uintx GCDrainStackTargetSize                   = 64                                        {product} {ergonomic}
   size_t InitialHeapSize                          = 58720256                                  {product} {ergonomic}
   size_t MarkStackSize                            = 4194304                                   {product} {ergonomic}
   size_t MaxHeapSize                              = 918552576                                 {product} {ergonomic}
   size_t MinHeapDeltaBytes                        = 1048576                                   {product} {ergonomic}
   size_t MinHeapSize                              = 8388608                                   {product} {ergonomic}
    uintx NonNMethodCodeHeapSize                   = 5832780                                {pd product} {ergonomic}
    uintx NonProfiledCodeHeapSize                  = 122912730                              {pd product} {ergonomic}
    uintx ProfiledCodeHeapSize                     = 122912730                              {pd product} {ergonomic}
    uintx ReservedCodeCacheSize                    = 251658240                              {pd product} {ergonomic}
     bool SegmentedCodeCache                       = true                                      {product} {ergonomic}
     bool ShowCodeDetailsInExceptionMessages       = true                                   {manageable} {command line}
   size_t SoftMaxHeapSize                          = 918552576                              {manageable} {ergonomic}
     bool UseCompressedClassPointers               = true                           {product lp64_product} {ergonomic}
     bool UseCompressedOops                        = true                           {product lp64_product} {ergonomic}
     bool UseG1GC                                  = true                                      {product} {ergonomic}
     bool UseLargePagesIndividualAllocation        = false                                  {pd product} {ergonomic}

Logging:
Log output configuration:
 #0: stdout all=warning uptime,level,tags
 #1: stderr all=off uptime,level,tags

Environment Variables:
PATH=C:/Users/HP/.p2/pool/plugins/org.eclipse.justj.openjdk.hotspot.jre.full.win32.x86_64_17.0.4.v20220903-1038/jre/bin/server;C:/Users/HP/.p2/pool/plugins/org.eclipse.justj.openjdk.hotspot.jre.full.win32.x86_64_17.0.4.v20220903-1038/jre/bin;C:\Program Files (x86)\Common Files\Oracle\Java\javapath;C:\ProgramData\Oracle\Java\javapath;C:\WINDOWS\system32;C:\WINDOWS;C:\WINDOWS\System32\Wbem;C:\WINDOWS\System32\WindowsPowerShell\v1.0\;C:\WINDOWS\System32\OpenSSH\;C:\Program Files\Git\cmd;C:\Users\HP\AppData\Local\Microsoft\WindowsApps;;C:\Users\HP\AppData\Local\Programs\Microsoft VS Code\bin;C:\Users\HP\Desktop;
USERNAME=HP
OS=Windows_NT
PROCESSOR_IDENTIFIER=AMD64 Family 23 Model 24 Stepping 1, AuthenticAMD
TMP=C:\Users\HP\AppData\Local\Temp
TEMP=C:\Users\HP\AppData\Local\Temp



---------------  S Y S T E M  ---------------

OS:
 Windows 11 , 64 bit Build 22621 (10.0.22621.1485)
OS uptime: 0 days 6:22 hours

CPU: total 4 (initial active 4) (4 cores per cpu, 2 threads per core) family 23 model 24 stepping 1 microcode 0x0, cx8, cmov, fxsr, ht, mmx, 3dnowpref, sse, sse2, sse3, ssse3, sse4a, sse4.1, sse4.2, popcnt, lzcnt, tsc, tscinvbit, avx, avx2, aes, clmul, bmi1, bmi2, adx, sha, fma, vzeroupper, clflush, clflushopt

Memory: 4k page, system-wide physical 3499M (190M free)
TotalPageFile size 14251M (AvailPageFile size 8M)
current process WorkingSet (physical memory assigned to process): 10M, peak: 10M
current process commit charge ("private bytes"): 107M, peak: 108M

vm_info: OpenJDK 64-Bit Server VM (17.0.4.1+1) for windows-amd64 JRE (17.0.4.1+1), built on Aug 17 2022 07:42:43 by "temurin" with MS VC++ 16.7 (VS2019)

END.
